[15:09:16] This is prokka 1.14.6
[15:09:16] Written by Torsten Seemann <torsten.seemann@gmail.com>
[15:09:16] Homepage is https://github.com/tseemann/prokka
[15:09:16] Local time is Mon Oct  2 15:09:16 2023
[15:09:16] You are krasikova
[15:09:16] Operating system is linux
[15:09:16] You have BioPerl 1.7.8
[15:09:16] System has 4 cores.
[15:09:16] Option --cpu asked for 8 cores, but system only has 4
[15:09:16] Will use maximum of 4 cores.
[15:09:16] Annotating as >>> Bacteria <<<
[15:09:16] Generating locus_tag from 'NODE_1.fasta' contents.
[15:09:16] Setting --locustag DFCKDBFJ from MD5 dfc4dbf316d71138e06ceed747b041a1
[15:09:16] Creating new output folder: PROKKA_10022023
[15:09:16] Running: mkdir -p PROKKA_10022023
[15:09:16] Using filename prefix: PROKKA_10022023.XXX
[15:09:16] Setting HMMER_NCPU=1
[15:09:16] Writing log to: PROKKA_10022023/PROKKA_10022023.log
[15:09:16] Command: /home/krasikova/miniconda3/bin/prokka NODE_1.fasta
[15:09:16] Appending to PATH: /home/krasikova/miniconda3/bin
[15:09:16] Looking for 'aragorn' - found /home/krasikova/miniconda3/bin/aragorn
[15:09:16] Determined aragorn version is 001002 from 'ARAGORN v1.2.41 Dean Laslett'
[15:09:16] Looking for 'barrnap' - found /home/krasikova/miniconda3/bin/barrnap
[15:09:16] Determined barrnap version is 000009 from 'barrnap 0.9'
[15:09:16] Looking for 'blastp' - found /home/krasikova/miniconda3/bin/blastp
[15:09:18] Determined blastp version is 002014 from 'blastp: 2.14.1+'
[15:09:18] Looking for 'cmpress' - found /home/krasikova/miniconda3/bin/cmpress
[15:09:18] Determined cmpress version is 001001 from '# INFERNAL 1.1.4 (Dec 2020)'
[15:09:18] Looking for 'cmscan' - found /home/krasikova/miniconda3/bin/cmscan
[15:09:18] Determined cmscan version is 001001 from '# INFERNAL 1.1.4 (Dec 2020)'
[15:09:18] Looking for 'egrep' - found /usr/bin/egrep
[15:09:18] Looking for 'find' - found /usr/bin/find
[15:09:18] Looking for 'grep' - found /usr/bin/grep
[15:09:18] Looking for 'hmmpress' - found /home/krasikova/miniconda3/bin/hmmpress
[15:09:18] Determined hmmpress version is 003003 from '# HMMER 3.3.2 (Nov 2020); http://hmmer.org/'
[15:09:18] Looking for 'hmmscan' - found /home/krasikova/miniconda3/bin/hmmscan
[15:09:18] Determined hmmscan version is 003003 from '# HMMER 3.3.2 (Nov 2020); http://hmmer.org/'
[15:09:18] Looking for 'java' - found /home/krasikova/miniconda3/bin/java
[15:09:18] Looking for 'makeblastdb' - found /home/krasikova/miniconda3/bin/makeblastdb
[15:09:18] Determined makeblastdb version is 002014 from 'makeblastdb: 2.14.1+'
[15:09:18] Looking for 'minced' - found /home/krasikova/miniconda3/bin/minced
[15:09:19] Determined minced version is 004002 from 'minced 0.4.2'
[15:09:19] Looking for 'parallel' - found /home/krasikova/miniconda3/bin/parallel
[15:09:20] Determined parallel version is 20230922 from 'GNU parallel 20230922'
[15:09:20] Looking for 'prodigal' - found /home/krasikova/miniconda3/bin/prodigal
[15:09:20] Determined prodigal version is 002006 from 'Prodigal V2.6.3: February, 2016'
[15:09:20] Looking for 'prokka-genbank_to_fasta_db' - found /home/krasikova/miniconda3/bin/prokka-genbank_to_fasta_db
[15:09:20] Looking for 'sed' - found /usr/bin/sed
[15:09:20] Looking for 'tbl2asn' - found /home/krasikova/miniconda3/bin/tbl2asn
[15:09:20] Determined tbl2asn version is 025007 from 'tbl2asn 25.7   arguments:'
[15:09:20] Using genetic code table 11.
[15:09:20] Loading and checking input file: NODE_1.fasta
[15:09:20] Wrote 1 contigs totalling 29907 bp.
[15:09:20] Predicting tRNAs and tmRNAs
[15:09:20] Running: aragorn -l -gc11  -w PROKKA_10022023\/PROKKA_10022023\.fna
[15:09:20] Found 0 tRNAs
[15:09:20] Predicting Ribosomal RNAs
[15:09:20] Running Barrnap with 4 threads
[15:09:21] Found 0 rRNAs
[15:09:21] Skipping ncRNA search, enable with --rfam if desired.
[15:09:21] Total of 0 tRNA + rRNA features
[15:09:21] Searching for CRISPR repeats
[15:09:21] Found 0 CRISPRs
[15:09:21] Predicting coding sequences
[15:09:21] Contigs total 29907 bp, so using meta mode
[15:09:21] Running: prodigal -i PROKKA_10022023\/PROKKA_10022023\.fna -c -m -g 11 -p meta -f sco -q
[15:09:22] Found 9 CDS
[15:09:22] Connecting features back to sequences
[15:09:22] Not using genus-specific database. Try --usegenus to enable it.
[15:09:22] Annotating CDS, please be patient.
[15:09:22] Will use 4 CPUs for similarity searching.
[15:09:22] There are still 9 unannotated CDS left (started with 9)
[15:09:22] Will use blast to search against /home/krasikova/miniconda3/db/kingdom/Bacteria/IS with 4 CPUs
[15:09:22] Running: cat PROKKA_10022023\/PROKKA_10022023\.IS\.tmp\.14875\.faa | parallel --gnu --plain -j 4 --block 1191 --recstart '>' --pipe blastp -query - -db /home/krasikova/miniconda3/db/kingdom/Bacteria/IS -evalue 1e-30 -qcov_hsp_perc 90 -num_threads 1 -num_descriptions 1 -num_alignments 1 -seg no > PROKKA_10022023\/PROKKA_10022023\.IS\.tmp\.14875\.blast 2> /dev/null
[15:09:25] Deleting unwanted file: PROKKA_10022023/PROKKA_10022023.IS.tmp.14875.faa
[15:09:25] Deleting unwanted file: PROKKA_10022023/PROKKA_10022023.IS.tmp.14875.blast
[15:09:25] There are still 9 unannotated CDS left (started with 9)
[15:09:25] Will use blast to search against /home/krasikova/miniconda3/db/kingdom/Bacteria/AMR with 4 CPUs
[15:09:25] Running: cat PROKKA_10022023\/PROKKA_10022023\.AMR\.tmp\.14875\.faa | parallel --gnu --plain -j 4 --block 1191 --recstart '>' --pipe blastp -query - -db /home/krasikova/miniconda3/db/kingdom/Bacteria/AMR -evalue 1e-300 -qcov_hsp_perc 90 -num_threads 1 -num_descriptions 1 -num_alignments 1 -seg no > PROKKA_10022023\/PROKKA_10022023\.AMR\.tmp\.14875\.blast 2> /dev/null
[15:09:27] Deleting unwanted file: PROKKA_10022023/PROKKA_10022023.AMR.tmp.14875.faa
[15:09:27] Deleting unwanted file: PROKKA_10022023/PROKKA_10022023.AMR.tmp.14875.blast
[15:09:27] There are still 9 unannotated CDS left (started with 9)
[15:09:27] Will use blast to search against /home/krasikova/miniconda3/db/kingdom/Bacteria/sprot with 4 CPUs
[15:09:27] Running: cat PROKKA_10022023\/PROKKA_10022023\.sprot\.tmp\.14875\.faa | parallel --gnu --plain -j 4 --block 1191 --recstart '>' --pipe blastp -query - -db /home/krasikova/miniconda3/db/kingdom/Bacteria/sprot -evalue 1e-09 -qcov_hsp_perc 80 -num_threads 1 -num_descriptions 1 -num_alignments 1 -seg no > PROKKA_10022023\/PROKKA_10022023\.sprot\.tmp\.14875\.blast 2> /dev/null
[15:09:30] Deleting unwanted file: PROKKA_10022023/PROKKA_10022023.sprot.tmp.14875.faa
[15:09:30] Deleting unwanted file: PROKKA_10022023/PROKKA_10022023.sprot.tmp.14875.blast
[15:09:30] There are still 9 unannotated CDS left (started with 9)
[15:09:30] Will use hmmer3 to search against /home/krasikova/miniconda3/db/hmm/HAMAP.hmm with 4 CPUs
[15:09:30] Running: cat PROKKA_10022023\/PROKKA_10022023\.HAMAP\.hmm\.tmp\.14875\.faa | parallel --gnu --plain -j 4 --block 1191 --recstart '>' --pipe hmmscan --noali --notextw --acc -E 1e-09 --cpu 1 /home/krasikova/miniconda3/db/hmm/HAMAP.hmm /dev/stdin > PROKKA_10022023\/PROKKA_10022023\.HAMAP\.hmm\.tmp\.14875\.hmmer3 2> /dev/null
[15:09:37] Deleting unwanted file: PROKKA_10022023/PROKKA_10022023.HAMAP.hmm.tmp.14875.faa
[15:09:37] Deleting unwanted file: PROKKA_10022023/PROKKA_10022023.HAMAP.hmm.tmp.14875.hmmer3
[15:09:37] Labelling remaining 8 proteins as 'hypothetical protein'
[15:09:37] Found 1 unique /gene codes.
[15:09:37] Fixed 0 colliding /gene names.
[15:09:37] Adding /locus_tag identifiers
[15:09:37] Assigned 9 locus_tags to CDS and RNA features.
[15:09:37] Writing outputs to PROKKA_10022023/
[15:09:37] Generating annotation statistics file
[15:09:37] Generating Genbank and Sequin files
[15:09:37] Running: tbl2asn -V b -a r10k -l paired-ends -M n -N 1 -y 'Annotated using prokka 1.14.6 from https://github.com/tseemann/prokka' -Z PROKKA_10022023\/PROKKA_10022023\.err -i PROKKA_10022023\/PROKKA_10022023\.fsa 2> /dev/null
[15:09:38] Deleting unwanted file: PROKKA_10022023/errorsummary.val
[15:09:38] Deleting unwanted file: PROKKA_10022023/PROKKA_10022023.dr
[15:09:38] Deleting unwanted file: PROKKA_10022023/PROKKA_10022023.fixedproducts
[15:09:38] Deleting unwanted file: PROKKA_10022023/PROKKA_10022023.ecn
[15:09:38] Deleting unwanted file: PROKKA_10022023/PROKKA_10022023.val
[15:09:38] Repairing broken .GBK output that tbl2asn produces...
[15:09:38] Running: sed 's/COORDINATES: profile/COORDINATES:profile/' < PROKKA_10022023\/PROKKA_10022023\.gbf > PROKKA_10022023\/PROKKA_10022023\.gbk
[15:09:38] Deleting unwanted file: PROKKA_10022023/PROKKA_10022023.gbf
[15:09:38] Output files:
[15:09:38] PROKKA_10022023/PROKKA_10022023.err
[15:09:38] PROKKA_10022023/PROKKA_10022023.faa
[15:09:38] PROKKA_10022023/PROKKA_10022023.ffn
[15:09:38] PROKKA_10022023/PROKKA_10022023.fna
[15:09:38] PROKKA_10022023/PROKKA_10022023.fsa
[15:09:38] PROKKA_10022023/PROKKA_10022023.gbk
[15:09:38] PROKKA_10022023/PROKKA_10022023.gff
[15:09:38] PROKKA_10022023/PROKKA_10022023.log
[15:09:38] PROKKA_10022023/PROKKA_10022023.sqn
[15:09:38] PROKKA_10022023/PROKKA_10022023.tbl
[15:09:38] PROKKA_10022023/PROKKA_10022023.tsv
[15:09:38] PROKKA_10022023/PROKKA_10022023.txt
[15:09:38] Annotation finished successfully.
[15:09:38] Walltime used: 0.37 minutes
[15:09:38] If you use this result please cite the Prokka paper:
[15:09:38] Seemann T (2014) Prokka: rapid prokaryotic genome annotation. Bioinformatics. 30(14):2068-9.
[15:09:38] Type 'prokka --citation' for more details.
[15:09:38] Thank you, come again.
